2024-12-13 11:32:11 DEBUG TestNG:82 - suiteXmlPath: "C:\Users\tvarghese\eclipse-workspace\CHTSV121-master\CHTSV121-master\master.xml"
2024-12-13 11:32:11 INFO  Utils:112 - [TestNG] Running:
  C:\Users\tvarghese\eclipse-workspace\CHTSV121-master\CHTSV121-master\master.xml

2024-12-13 11:32:20 INFO  TC_002_LoginTest:15 - ############starting Login ##########
2024-12-13 11:38:25 DEBUG TestNG:82 - suiteXmlPath: "C:\Users\tvarghese\eclipse-workspace\CHTSV121-master\CHTSV121-master\master.xml"
2024-12-13 11:38:25 INFO  Utils:112 - [TestNG] Running:
  C:\Users\tvarghese\eclipse-workspace\CHTSV121-master\CHTSV121-master\master.xml

2024-12-13 11:38:32 INFO  TC_002_LoginTest:15 - ############starting Login ##########
2024-12-13 11:39:38 DEBUG TestNG:82 - suiteXmlPath: "C:\Users\TVARGH~1\AppData\Local\Temp\testng-eclipse-1962370199\testng-customsuite.xml"
2024-12-13 11:39:38 INFO  Utils:112 - [Utils] MethodGroupsHelper.collectMethodsByGroup() took 1 ms.
2024-12-13 11:39:38 INFO  Utils:112 - [Utils] MethodGroupsHelper.sortMethods() took 2 ms.
2024-12-13 11:39:38 INFO  Utils:112 - [Utils] MethodGroupsHelper.collectMethodsByGroup() took 0 ms.
2024-12-13 11:39:38 INFO  Utils:112 - [Utils] MethodGroupsHelper.sortMethods() took 0 ms.
2024-12-13 11:39:38 INFO  Utils:112 - [Utils] MethodGroupsHelper.collectMethodsByGroup() took 0 ms.
2024-12-13 11:39:38 INFO  Utils:112 - [Utils] MethodGroupsHelper.sortMethods() took 0 ms.
2024-12-13 11:39:38 INFO  Utils:112 - [Utils] MethodGroupsHelper.collectMethodsByGroup() took 0 ms.
2024-12-13 11:39:38 INFO  Utils:112 - [Utils] MethodGroupsHelper.sortMethods() took 0 ms.
2024-12-13 11:39:38 INFO  Utils:112 - [Utils] MethodGroupsHelper.collectMethodsByGroup() took 3 ms.
2024-12-13 11:39:38 INFO  Utils:112 - [Utils] MethodGroupsHelper.sortMethods() took 5 ms.
2024-12-13 11:39:38 INFO  Utils:112 - [Utils] MethodGroupsHelper.collectMethodsByGroup() took 0 ms.
2024-12-13 11:39:38 INFO  Utils:112 - [Utils] MethodGroupsHelper.sortMethods() took 0 ms.
2024-12-13 11:39:38 INFO  Utils:112 - [Utils] MethodGroupsHelper.collectMethodsByGroup() took 0 ms.
2024-12-13 11:39:38 INFO  Utils:112 - [Utils] MethodGroupsHelper.sortMethods() took 0 ms.
2024-12-13 11:39:38 INFO  Utils:112 - [Utils] MethodGroupsHelper.collectMethodsByGroup() took 0 ms.
2024-12-13 11:39:38 INFO  Utils:112 - [Utils] MethodGroupsHelper.sortMethods() took 0 ms.
2024-12-13 11:39:38 INFO  Utils:112 - [Utils] MethodGroupsHelper.collectMethodsByGroup() took 0 ms.
2024-12-13 11:39:38 INFO  Utils:112 - [Utils] MethodGroupsHelper.sortMethods() took 0 ms.
2024-12-13 11:39:38 INFO  Utils:112 - [Utils] MethodGroupsHelper.collectMethodsByGroup() took 0 ms.
2024-12-13 11:39:38 INFO  Utils:112 - [Utils] MethodGroupsHelper.sortMethods() took 0 ms.
2024-12-13 11:39:38 INFO  Utils:112 - [Utils] MethodGroupsHelper.collectMethodsByGroup() took 0 ms.
2024-12-13 11:39:38 INFO  Utils:112 - [Utils] MethodGroupsHelper.sortMethods() took 0 ms.
2024-12-13 11:39:38 INFO  Utils:112 - [Utils] MethodGroupsHelper.collectMethodsByGroup() took 0 ms.
2024-12-13 11:39:38 INFO  Utils:112 - [Utils] MethodGroupsHelper.sortMethods() took 0 ms.
2024-12-13 11:39:38 INFO  Utils:112 - [Utils] MethodGroupsHelper.collectMethodsByGroup() took 0 ms.
2024-12-13 11:39:38 INFO  Utils:112 - [Utils] MethodGroupsHelper.sortMethods() took 0 ms.
2024-12-13 11:39:38 INFO  Utils:112 - [Utils] MethodGroupsHelper.collectMethodsByGroup() took 0 ms.
2024-12-13 11:39:38 INFO  Utils:112 - [Utils] MethodGroupsHelper.sortMethods() took 0 ms.
2024-12-13 11:39:38 INFO  Utils:112 - [Utils] MethodGroupsHelper.collectMethodsByGroup() took 0 ms.
2024-12-13 11:39:38 INFO  Utils:112 - [Utils] MethodGroupsHelper.sortMethods() took 0 ms.
2024-12-13 11:39:38 INFO  Utils:112 - [TestNG] Running:
  C:\Users\tvarghese\AppData\Local\Temp\testng-eclipse-1962370199\testng-customsuite.xml

2024-12-13 11:39:38 INFO  Utils:112 - [Utils] DynamicGraphHelper.createDynamicGraph() took 4 ms.
2024-12-13 11:39:38 INFO  Utils:112 - [TestNG] Time taken by org.testng.reporters.SuiteHTMLReporter@3f1c5af9: 50 ms
2024-12-13 11:39:38 INFO  Utils:112 - [TestNG] Time taken by org.testng.reporters.jq.Main@6d366c9b: 84 ms
2024-12-13 11:39:38 INFO  Utils:112 - [TestNG] Time taken by org.testng.reporters.FailedReporter@7e242b4d: 14 ms
2024-12-13 11:39:38 INFO  Utils:112 - [TestNG] Time taken by org.testng.reporters.XMLReporter@6326d182: 17 ms
2024-12-13 11:39:38 INFO  Utils:112 - [TestNG] Time taken by org.testng.reporters.EmailableReporter2@7fd4acee: 10 ms
2024-12-13 11:39:38 INFO  Utils:112 - [TestNG] Time taken by org.testng.reporters.JUnitReportReporter@64337702: 11 ms
2024-12-13 11:39:38 INFO  Utils:112 - [TestNG] Time taken by org.testng.internal.ExitCodeListener@2cf92cc7: 0 ms
2024-12-13 11:39:50 DEBUG TestNG:82 - suiteXmlPath: "C:\Users\tvarghese\eclipse-workspace\CHTSV121-master\CHTSV121-master\master.xml"
2024-12-13 11:39:50 INFO  Utils:112 - [TestNG] Running:
  C:\Users\tvarghese\eclipse-workspace\CHTSV121-master\CHTSV121-master\master.xml

2024-12-13 11:39:57 INFO  TC_002_LoginTest:15 - ############starting Login ##########
2024-12-13 11:40:52 DEBUG TestNG:82 - suiteXmlPath: "C:\Users\tvarghese\eclipse-workspace\CHTSV121-master\CHTSV121-master\master.xml"
2024-12-13 11:40:53 INFO  Utils:112 - [TestNG] Running:
  C:\Users\tvarghese\eclipse-workspace\CHTSV121-master\CHTSV121-master\master.xml

2024-12-13 11:40:59 INFO  TC_002_LoginTest:15 - ############starting Login ##########
2024-12-13 11:41:59 DEBUG TestNG:82 - suiteXmlPath: "C:\Users\tvarghese\eclipse-workspace\CHTSV121-master\CHTSV121-master\master.xml"
2024-12-13 11:41:59 INFO  Utils:112 - [TestNG] Running:
  C:\Users\tvarghese\eclipse-workspace\CHTSV121-master\CHTSV121-master\master.xml

2024-12-13 11:42:06 INFO  TC_002_LoginTest:15 - ############starting Login ##########
2024-12-13 11:48:40 DEBUG TestNG:82 - suiteXmlPath: "C:\Users\tvarghese\eclipse-workspace\CHTSV121-master\CHTSV121-master\master.xml"
2024-12-13 11:48:41 INFO  Utils:112 - [TestNG] Running:
  C:\Users\tvarghese\eclipse-workspace\CHTSV121-master\CHTSV121-master\master.xml

2024-12-13 11:48:48 INFO  TC_002_LoginTest:15 - ############starting Login ##########
2024-12-13 11:49:53 DEBUG TestNG:82 - suiteXmlPath: "C:\Users\tvarghese\eclipse-workspace\CHTSV121-master\CHTSV121-master\master.xml"
2024-12-13 11:49:53 INFO  Utils:112 - [TestNG] Running:
  C:\Users\tvarghese\eclipse-workspace\CHTSV121-master\CHTSV121-master\master.xml

2024-12-13 11:50:00 INFO  TC_002_LoginTest:17 - ############starting Login ##########
2024-12-13 11:51:06 DEBUG TestNG:82 - suiteXmlPath: "C:\Users\tvarghese\eclipse-workspace\CHTSV121-master\CHTSV121-master\master.xml"
2024-12-13 11:51:06 INFO  Utils:112 - [TestNG] Running:
  C:\Users\tvarghese\eclipse-workspace\CHTSV121-master\CHTSV121-master\master.xml

2024-12-13 11:51:13 INFO  TC_002_LoginTest:17 - ############starting Login ##########
2024-12-13 12:00:22 DEBUG TestNG:82 - suiteXmlPath: "C:\Users\tvarghese\eclipse-workspace\CHTSV121-master\CHTSV121-master\master.xml"
2024-12-13 12:00:22 INFO  Utils:112 - [TestNG] Running:
  C:\Users\tvarghese\eclipse-workspace\CHTSV121-master\CHTSV121-master\master.xml

2024-12-13 12:00:32 INFO  TC_002_LoginTest:17 - ############starting Login ##########
2024-12-13 12:11:12 DEBUG TestNG:82 - suiteXmlPath: "C:\Users\tvarghese\eclipse-workspace\CHTSV121-master\CHTSV121-master\master.xml"
2024-12-13 12:11:12 INFO  Utils:112 - [TestNG] Running:
  C:\Users\tvarghese\eclipse-workspace\CHTSV121-master\CHTSV121-master\master.xml

2024-12-13 12:11:22 INFO  TC_002_LoginTest:17 - ############starting Login ##########
2024-12-13 12:13:28 DEBUG TestNG:82 - suiteXmlPath: "C:\Users\tvarghese\eclipse-workspace\CHTSV121-master\CHTSV121-master\master.xml"
2024-12-13 12:13:29 INFO  Utils:112 - [TestNG] Running:
  C:\Users\tvarghese\eclipse-workspace\CHTSV121-master\CHTSV121-master\master.xml

2024-12-13 12:13:38 INFO  TC_002_LoginTest:17 - ############starting Login ##########
2024-12-13 12:16:08 DEBUG TestNG:82 - suiteXmlPath: "C:\Users\tvarghese\eclipse-workspace\CHTSV121-master\CHTSV121-master\master.xml"
2024-12-13 12:16:08 INFO  Utils:112 - [TestNG] Running:
  C:\Users\tvarghese\eclipse-workspace\CHTSV121-master\CHTSV121-master\master.xml

2024-12-13 12:16:18 INFO  TC_002_LoginTest:17 - ############starting Login ##########
2024-12-13 13:05:39 DEBUG TestNG:82 - suiteXmlPath: "C:\Users\tvarghese\eclipse-workspace\CHTSV121-master\CHTSV121-master\master.xml"
2024-12-13 13:05:39 INFO  Utils:112 - [TestNG] Running:
  C:\Users\tvarghese\eclipse-workspace\CHTSV121-master\CHTSV121-master\master.xml

2024-12-13 13:05:49 INFO  TC_002_LoginTest:17 - ############starting Login ##########
2024-12-13 13:07:55 DEBUG TestNG:82 - suiteXmlPath: "C:\Users\tvarghese\eclipse-workspace\CHTSV121-master\CHTSV121-master\master.xml"
2024-12-13 13:07:56 INFO  Utils:112 - [TestNG] Running:
  C:\Users\tvarghese\eclipse-workspace\CHTSV121-master\CHTSV121-master\master.xml

2024-12-13 13:08:06 INFO  TC_002_LoginTest:17 - ############starting Login ##########
2024-12-13 13:09:52 DEBUG TestNG:82 - suiteXmlPath: "C:\Users\tvarghese\eclipse-workspace\CHTSV121-master\CHTSV121-master\master.xml"
2024-12-13 13:09:52 INFO  Utils:112 - [TestNG] Running:
  C:\Users\tvarghese\eclipse-workspace\CHTSV121-master\CHTSV121-master\master.xml

2024-12-13 13:10:02 INFO  TC_002_LoginTest:17 - ############starting Login ##########
2024-12-13 13:12:47 DEBUG TestNG:82 - suiteXmlPath: "C:\Users\tvarghese\eclipse-workspace\CHTSV121-master\CHTSV121-master\master.xml"
2024-12-13 13:12:47 INFO  Utils:112 - [TestNG] Running:
  C:\Users\tvarghese\eclipse-workspace\CHTSV121-master\CHTSV121-master\master.xml

2024-12-13 13:12:57 INFO  TC_002_LoginTest:17 - ############starting Login ##########
2024-12-13 13:15:55 DEBUG TestNG:82 - suiteXmlPath: "C:\Users\tvarghese\eclipse-workspace\CHTSV121-master\CHTSV121-master\master.xml"
2024-12-13 13:15:55 INFO  Utils:112 - [TestNG] Running:
  C:\Users\tvarghese\eclipse-workspace\CHTSV121-master\CHTSV121-master\master.xml

2024-12-13 13:16:06 INFO  TC_002_LoginTest:17 - ############starting Login ##########
2024-12-13 13:18:14 DEBUG TestNG:82 - suiteXmlPath: "C:\Users\tvarghese\eclipse-workspace\CHTSV121-master\CHTSV121-master\master.xml"
2024-12-13 13:18:14 INFO  Utils:112 - [TestNG] Running:
  C:\Users\tvarghese\eclipse-workspace\CHTSV121-master\CHTSV121-master\master.xml

2024-12-13 13:18:24 INFO  TC_002_LoginTest:17 - ############starting Login ##########
2024-12-13 13:20:11 DEBUG TestNG:82 - suiteXmlPath: "C:\Users\tvarghese\eclipse-workspace\CHTSV121-master\CHTSV121-master\master.xml"
2024-12-13 13:20:11 INFO  Utils:112 - [TestNG] Running:
  C:\Users\tvarghese\eclipse-workspace\CHTSV121-master\CHTSV121-master\master.xml

2024-12-13 13:20:21 INFO  TC_002_LoginTest:17 - ############starting Login ##########
2024-12-13 13:21:55 DEBUG TestNG:82 - suiteXmlPath: "C:\Users\tvarghese\eclipse-workspace\CHTSV121-master\CHTSV121-master\master.xml"
2024-12-13 13:21:55 INFO  Utils:112 - [TestNG] Running:
  C:\Users\tvarghese\eclipse-workspace\CHTSV121-master\CHTSV121-master\master.xml

2024-12-13 13:22:04 INFO  TC_002_LoginTest:17 - ############starting Login ##########
2024-12-13 13:23:55 DEBUG TestNG:82 - suiteXmlPath: "C:\Users\tvarghese\eclipse-workspace\CHTSV121-master\CHTSV121-master\master.xml"
2024-12-13 13:23:55 INFO  Utils:112 - [TestNG] Running:
  C:\Users\tvarghese\eclipse-workspace\CHTSV121-master\CHTSV121-master\master.xml

2024-12-13 13:24:05 INFO  TC_002_LoginTest:17 - ############starting Login ##########
2024-12-13 14:18:49 DEBUG TestNG:82 - suiteXmlPath: "C:\Users\tvarghese\eclipse-workspace\CHTSV121-master\CHTSV121-master\master.xml"
2024-12-13 14:18:49 INFO  Utils:112 - [TestNG] Running:
  C:\Users\tvarghese\eclipse-workspace\CHTSV121-master\CHTSV121-master\master.xml

2024-12-13 14:19:00 INFO  TC_001_AccountRegistrationTest:14 - ############starting Account registration##########
2024-12-13 14:19:00 INFO  TC_001_AccountRegistrationTest:21 - Providing customer details into form
2024-12-13 14:29:07 DEBUG TestNG:82 - suiteXmlPath: "C:\Users\tvarghese\eclipse-workspace\CHTSV121-master\CHTSV121-master\master.xml"
2024-12-13 14:29:17 INFO  TC_001_UserCreation:14 - ############starting Account registration##########
2024-12-13 14:29:17 INFO  TC_001_UserCreation:21 - Providing customer details into form
2024-12-13 14:30:09 DEBUG TestNG:82 - suiteXmlPath: "C:\Users\tvarghese\eclipse-workspace\CHTSV121-master\CHTSV121-master\master.xml"
2024-12-13 14:30:09 INFO  Utils:112 - [TestNG] Running:
  C:\Users\tvarghese\eclipse-workspace\CHTSV121-master\CHTSV121-master\master.xml

2024-12-13 14:30:19 INFO  TC_002_LoginTest:17 - ############starting Login ##########
2024-12-13 15:11:28 DEBUG TestNG:82 - suiteXmlPath: "C:\Users\tvarghese\eclipse-workspace\CHTSV121-master\CHTSV121-master\crossbrowsertesting.xml"
2024-12-13 15:13:44 DEBUG TestNG:82 - suiteXmlPath: "C:\Users\tvarghese\eclipse-workspace\CHTSV121-master\CHTSV121-master\crossbrowsertesting.xml"
2024-12-13 15:20:26 DEBUG TestNG:82 - suiteXmlPath: "C:\Users\tvarghese\eclipse-workspace\CHTSV121-master\CHTSV121-master\testng.xml"
2024-12-13 15:20:26 INFO  Utils:112 - [TestNG] Running:
  C:\Users\tvarghese\eclipse-workspace\CHTSV121-master\CHTSV121-master\testng.xml

2024-12-13 15:20:40 INFO  TC_002_LoginTest:17 - ############starting Login ##########
2024-12-13 15:22:10 INFO  TC_002_LoginTest:17 - ############starting Login ##########
2024-12-13 15:23:09 DEBUG TestNG:82 - suiteXmlPath: "C:\Users\tvarghese\eclipse-workspace\CHTSV121-master\CHTSV121-master\testng.xml"
2024-12-13 15:23:31 DEBUG TestNG:82 - suiteXmlPath: "C:\Users\tvarghese\eclipse-workspace\CHTSV121-master\CHTSV121-master\testng.xml"
2024-12-13 15:24:10 DEBUG TestNG:82 - suiteXmlPath: "C:\Users\tvarghese\eclipse-workspace\CHTSV121-master\CHTSV121-master\testng.xml"
2024-12-13 15:24:10 INFO  Utils:112 - [TestNG] Running:
  C:\Users\tvarghese\eclipse-workspace\CHTSV121-master\CHTSV121-master\testng.xml

2024-12-13 15:24:21 INFO  TC_002_LoginTest:17 - ############starting Login ##########
2024-12-13 15:25:41 INFO  TC_002_LoginTest:17 - ############starting Login ##########
2024-12-13 15:40:05 DEBUG TestNG:82 - suiteXmlPath: "C:\Users\tvarghese\eclipse-workspace\CHTSV121-master\CHTSV121-master\master.xml"
2024-12-13 15:40:06 INFO  Utils:112 - [TestNG] Running:
  C:\Users\tvarghese\eclipse-workspace\CHTSV121-master\CHTSV121-master\master.xml

2024-12-13 15:40:16 DEBUG PackageRelationshipCollection:307 - Parsing relationship: /xl/_rels/workbook.xml.rels
2024-12-13 15:40:16 DEBUG PackageRelationshipCollection:307 - Parsing relationship: /xl/worksheets/_rels/sheet1.xml.rels
2024-12-13 15:40:16 DEBUG PackageRelationshipCollection:307 - Parsing relationship: /_rels/.rels
2024-12-13 15:40:16 DEBUG POIXMLFactory:65 - using default POIXMLDocumentPart for http://schemas.openxmlformats.org/officeDocument/2006/relationships/printerSettings
2024-12-13 15:40:17 DEBUG PackageRelationshipCollection:307 - Parsing relationship: /xl/_rels/workbook.xml.rels
2024-12-13 15:40:17 DEBUG PackageRelationshipCollection:307 - Parsing relationship: /xl/worksheets/_rels/sheet1.xml.rels
2024-12-13 15:40:17 DEBUG PackageRelationshipCollection:307 - Parsing relationship: /_rels/.rels
2024-12-13 15:40:17 DEBUG POIXMLFactory:65 - using default POIXMLDocumentPart for http://schemas.openxmlformats.org/officeDocument/2006/relationships/printerSettings
2024-12-13 15:40:17 DEBUG PackageRelationshipCollection:307 - Parsing relationship: /xl/_rels/workbook.xml.rels
2024-12-13 15:40:17 DEBUG PackageRelationshipCollection:307 - Parsing relationship: /xl/worksheets/_rels/sheet1.xml.rels
2024-12-13 15:40:17 DEBUG PackageRelationshipCollection:307 - Parsing relationship: /_rels/.rels
2024-12-13 15:40:17 DEBUG POIXMLFactory:65 - using default POIXMLDocumentPart for http://schemas.openxmlformats.org/officeDocument/2006/relationships/printerSettings
2024-12-13 15:40:17 DEBUG PackageRelationshipCollection:307 - Parsing relationship: /xl/_rels/workbook.xml.rels
2024-12-13 15:40:17 DEBUG PackageRelationshipCollection:307 - Parsing relationship: /xl/worksheets/_rels/sheet1.xml.rels
2024-12-13 15:40:17 DEBUG PackageRelationshipCollection:307 - Parsing relationship: /_rels/.rels
2024-12-13 15:40:17 DEBUG POIXMLFactory:65 - using default POIXMLDocumentPart for http://schemas.openxmlformats.org/officeDocument/2006/relationships/printerSettings
2024-12-13 15:40:17 DEBUG PackageRelationshipCollection:307 - Parsing relationship: /xl/_rels/workbook.xml.rels
2024-12-13 15:40:17 DEBUG PackageRelationshipCollection:307 - Parsing relationship: /xl/worksheets/_rels/sheet1.xml.rels
2024-12-13 15:40:17 DEBUG PackageRelationshipCollection:307 - Parsing relationship: /_rels/.rels
2024-12-13 15:40:17 DEBUG POIXMLFactory:65 - using default POIXMLDocumentPart for http://schemas.openxmlformats.org/officeDocument/2006/relationships/printerSettings
2024-12-13 15:40:17 DEBUG PackageRelationshipCollection:307 - Parsing relationship: /xl/_rels/workbook.xml.rels
2024-12-13 15:40:17 DEBUG PackageRelationshipCollection:307 - Parsing relationship: /xl/worksheets/_rels/sheet1.xml.rels
2024-12-13 15:40:17 DEBUG PackageRelationshipCollection:307 - Parsing relationship: /_rels/.rels
2024-12-13 15:40:17 DEBUG POIXMLFactory:65 - using default POIXMLDocumentPart for http://schemas.openxmlformats.org/officeDocument/2006/relationships/printerSettings
2024-12-13 15:40:17 DEBUG PackageRelationshipCollection:307 - Parsing relationship: /xl/_rels/workbook.xml.rels
2024-12-13 15:40:17 DEBUG PackageRelationshipCollection:307 - Parsing relationship: /xl/worksheets/_rels/sheet1.xml.rels
2024-12-13 15:40:17 DEBUG PackageRelationshipCollection:307 - Parsing relationship: /_rels/.rels
2024-12-13 15:40:17 DEBUG POIXMLFactory:65 - using default POIXMLDocumentPart for http://schemas.openxmlformats.org/officeDocument/2006/relationships/printerSettings
2024-12-13 15:40:17 DEBUG PackageRelationshipCollection:307 - Parsing relationship: /xl/_rels/workbook.xml.rels
2024-12-13 15:40:17 DEBUG PackageRelationshipCollection:307 - Parsing relationship: /xl/worksheets/_rels/sheet1.xml.rels
2024-12-13 15:40:17 DEBUG PackageRelationshipCollection:307 - Parsing relationship: /_rels/.rels
2024-12-13 15:40:17 DEBUG POIXMLFactory:65 - using default POIXMLDocumentPart for http://schemas.openxmlformats.org/officeDocument/2006/relationships/printerSettings
2024-12-13 15:40:17 DEBUG PackageRelationshipCollection:307 - Parsing relationship: /xl/_rels/workbook.xml.rels
2024-12-13 15:40:17 DEBUG PackageRelationshipCollection:307 - Parsing relationship: /xl/worksheets/_rels/sheet1.xml.rels
2024-12-13 15:40:17 DEBUG PackageRelationshipCollection:307 - Parsing relationship: /_rels/.rels
2024-12-13 15:40:17 DEBUG POIXMLFactory:65 - using default POIXMLDocumentPart for http://schemas.openxmlformats.org/officeDocument/2006/relationships/printerSettings
2024-12-13 15:40:17 DEBUG PackageRelationshipCollection:307 - Parsing relationship: /xl/_rels/workbook.xml.rels
2024-12-13 15:40:17 DEBUG PackageRelationshipCollection:307 - Parsing relationship: /xl/worksheets/_rels/sheet1.xml.rels
2024-12-13 15:40:17 DEBUG PackageRelationshipCollection:307 - Parsing relationship: /_rels/.rels
2024-12-13 15:40:17 DEBUG POIXMLFactory:65 - using default POIXMLDocumentPart for http://schemas.openxmlformats.org/officeDocument/2006/relationships/printerSettings
2024-12-13 15:40:17 DEBUG PackageRelationshipCollection:307 - Parsing relationship: /xl/_rels/workbook.xml.rels
2024-12-13 15:40:17 DEBUG PackageRelationshipCollection:307 - Parsing relationship: /xl/worksheets/_rels/sheet1.xml.rels
2024-12-13 15:40:17 DEBUG PackageRelationshipCollection:307 - Parsing relationship: /_rels/.rels
2024-12-13 15:40:17 DEBUG POIXMLFactory:65 - using default POIXMLDocumentPart for http://schemas.openxmlformats.org/officeDocument/2006/relationships/printerSettings
2024-12-13 15:40:17 DEBUG PackageRelationshipCollection:307 - Parsing relationship: /xl/_rels/workbook.xml.rels
2024-12-13 15:40:17 DEBUG PackageRelationshipCollection:307 - Parsing relationship: /xl/worksheets/_rels/sheet1.xml.rels
2024-12-13 15:40:17 DEBUG PackageRelationshipCollection:307 - Parsing relationship: /_rels/.rels
2024-12-13 15:40:17 DEBUG POIXMLFactory:65 - using default POIXMLDocumentPart for http://schemas.openxmlformats.org/officeDocument/2006/relationships/printerSettings
2024-12-13 15:40:17 DEBUG PackageRelationshipCollection:307 - Parsing relationship: /xl/_rels/workbook.xml.rels
2024-12-13 15:40:17 DEBUG PackageRelationshipCollection:307 - Parsing relationship: /xl/worksheets/_rels/sheet1.xml.rels
2024-12-13 15:40:17 DEBUG PackageRelationshipCollection:307 - Parsing relationship: /_rels/.rels
2024-12-13 15:40:17 DEBUG POIXMLFactory:65 - using default POIXMLDocumentPart for http://schemas.openxmlformats.org/officeDocument/2006/relationships/printerSettings
2024-12-13 15:40:17 DEBUG PackageRelationshipCollection:307 - Parsing relationship: /xl/_rels/workbook.xml.rels
2024-12-13 15:40:17 DEBUG PackageRelationshipCollection:307 - Parsing relationship: /xl/worksheets/_rels/sheet1.xml.rels
2024-12-13 15:40:17 DEBUG PackageRelationshipCollection:307 - Parsing relationship: /_rels/.rels
2024-12-13 15:40:17 DEBUG POIXMLFactory:65 - using default POIXMLDocumentPart for http://schemas.openxmlformats.org/officeDocument/2006/relationships/printerSettings
2024-12-13 15:40:17 DEBUG PackageRelationshipCollection:307 - Parsing relationship: /xl/_rels/workbook.xml.rels
2024-12-13 15:40:17 DEBUG PackageRelationshipCollection:307 - Parsing relationship: /xl/worksheets/_rels/sheet1.xml.rels
2024-12-13 15:40:17 DEBUG PackageRelationshipCollection:307 - Parsing relationship: /_rels/.rels
2024-12-13 15:40:17 DEBUG POIXMLFactory:65 - using default POIXMLDocumentPart for http://schemas.openxmlformats.org/officeDocument/2006/relationships/printerSettings
2024-12-13 15:40:17 DEBUG PackageRelationshipCollection:307 - Parsing relationship: /xl/_rels/workbook.xml.rels
2024-12-13 15:40:17 DEBUG PackageRelationshipCollection:307 - Parsing relationship: /xl/worksheets/_rels/sheet1.xml.rels
2024-12-13 15:40:17 DEBUG PackageRelationshipCollection:307 - Parsing relationship: /_rels/.rels
2024-12-13 15:40:17 DEBUG POIXMLFactory:65 - using default POIXMLDocumentPart for http://schemas.openxmlformats.org/officeDocument/2006/relationships/printerSettings
2024-12-13 15:40:17 DEBUG PackageRelationshipCollection:307 - Parsing relationship: /xl/_rels/workbook.xml.rels
2024-12-13 15:40:17 DEBUG PackageRelationshipCollection:307 - Parsing relationship: /xl/worksheets/_rels/sheet1.xml.rels
2024-12-13 15:40:17 DEBUG PackageRelationshipCollection:307 - Parsing relationship: /_rels/.rels
2024-12-13 15:40:17 DEBUG POIXMLFactory:65 - using default POIXMLDocumentPart for http://schemas.openxmlformats.org/officeDocument/2006/relationships/printerSettings
2024-12-13 15:40:17 INFO  TC_003_LoginDDT:26 - **** Starting TC_003_LoginDDT *****
2024-12-13 15:40:17 INFO  TC_003_LoginDDT:26 - **** Starting TC_003_LoginDDT *****
2024-12-13 15:40:18 INFO  TC_003_LoginDDT:26 - **** Starting TC_003_LoginDDT *****
2024-12-13 15:40:18 INFO  TC_003_LoginDDT:26 - **** Starting TC_003_LoginDDT *****
2024-12-13 15:40:18 INFO  TC_003_LoginDDT:26 - **** Starting TC_003_LoginDDT *****
2024-12-13 15:44:36 DEBUG TestNG:82 - suiteXmlPath: "C:\Users\tvarghese\eclipse-workspace\CHTSV121-master\CHTSV121-master\master.xml"
2024-12-13 15:44:36 INFO  Utils:112 - [TestNG] Running:
  C:\Users\tvarghese\eclipse-workspace\CHTSV121-master\CHTSV121-master\master.xml

2024-12-13 15:44:46 DEBUG PackageRelationshipCollection:307 - Parsing relationship: /xl/_rels/workbook.xml.rels
2024-12-13 15:44:46 DEBUG PackageRelationshipCollection:307 - Parsing relationship: /xl/worksheets/_rels/sheet1.xml.rels
2024-12-13 15:44:46 DEBUG PackageRelationshipCollection:307 - Parsing relationship: /_rels/.rels
2024-12-13 15:44:46 DEBUG POIXMLFactory:65 - using default POIXMLDocumentPart for http://schemas.openxmlformats.org/officeDocument/2006/relationships/printerSettings
2024-12-13 15:44:46 DEBUG PackageRelationshipCollection:307 - Parsing relationship: /xl/_rels/workbook.xml.rels
2024-12-13 15:44:46 DEBUG PackageRelationshipCollection:307 - Parsing relationship: /xl/worksheets/_rels/sheet1.xml.rels
2024-12-13 15:44:46 DEBUG PackageRelationshipCollection:307 - Parsing relationship: /_rels/.rels
2024-12-13 15:44:46 DEBUG POIXMLFactory:65 - using default POIXMLDocumentPart for http://schemas.openxmlformats.org/officeDocument/2006/relationships/printerSettings
2024-12-13 15:44:46 DEBUG PackageRelationshipCollection:307 - Parsing relationship: /xl/_rels/workbook.xml.rels
2024-12-13 15:44:46 DEBUG PackageRelationshipCollection:307 - Parsing relationship: /xl/worksheets/_rels/sheet1.xml.rels
2024-12-13 15:44:46 DEBUG PackageRelationshipCollection:307 - Parsing relationship: /_rels/.rels
2024-12-13 15:44:46 DEBUG POIXMLFactory:65 - using default POIXMLDocumentPart for http://schemas.openxmlformats.org/officeDocument/2006/relationships/printerSettings
2024-12-13 15:44:46 DEBUG PackageRelationshipCollection:307 - Parsing relationship: /xl/_rels/workbook.xml.rels
2024-12-13 15:44:46 DEBUG PackageRelationshipCollection:307 - Parsing relationship: /xl/worksheets/_rels/sheet1.xml.rels
2024-12-13 15:44:46 DEBUG PackageRelationshipCollection:307 - Parsing relationship: /_rels/.rels
2024-12-13 15:44:46 DEBUG POIXMLFactory:65 - using default POIXMLDocumentPart for http://schemas.openxmlformats.org/officeDocument/2006/relationships/printerSettings
2024-12-13 15:44:46 DEBUG PackageRelationshipCollection:307 - Parsing relationship: /xl/_rels/workbook.xml.rels
2024-12-13 15:44:46 DEBUG PackageRelationshipCollection:307 - Parsing relationship: /xl/worksheets/_rels/sheet1.xml.rels
2024-12-13 15:44:46 DEBUG PackageRelationshipCollection:307 - Parsing relationship: /_rels/.rels
2024-12-13 15:44:46 DEBUG POIXMLFactory:65 - using default POIXMLDocumentPart for http://schemas.openxmlformats.org/officeDocument/2006/relationships/printerSettings
2024-12-13 15:44:47 DEBUG PackageRelationshipCollection:307 - Parsing relationship: /xl/_rels/workbook.xml.rels
2024-12-13 15:44:47 DEBUG PackageRelationshipCollection:307 - Parsing relationship: /xl/worksheets/_rels/sheet1.xml.rels
2024-12-13 15:44:47 DEBUG PackageRelationshipCollection:307 - Parsing relationship: /_rels/.rels
2024-12-13 15:44:47 DEBUG POIXMLFactory:65 - using default POIXMLDocumentPart for http://schemas.openxmlformats.org/officeDocument/2006/relationships/printerSettings
2024-12-13 15:44:47 DEBUG PackageRelationshipCollection:307 - Parsing relationship: /xl/_rels/workbook.xml.rels
2024-12-13 15:44:47 DEBUG PackageRelationshipCollection:307 - Parsing relationship: /xl/worksheets/_rels/sheet1.xml.rels
2024-12-13 15:44:47 DEBUG PackageRelationshipCollection:307 - Parsing relationship: /_rels/.rels
2024-12-13 15:44:47 DEBUG POIXMLFactory:65 - using default POIXMLDocumentPart for http://schemas.openxmlformats.org/officeDocument/2006/relationships/printerSettings
2024-12-13 15:44:47 DEBUG PackageRelationshipCollection:307 - Parsing relationship: /xl/_rels/workbook.xml.rels
2024-12-13 15:44:47 DEBUG PackageRelationshipCollection:307 - Parsing relationship: /xl/worksheets/_rels/sheet1.xml.rels
2024-12-13 15:44:47 DEBUG PackageRelationshipCollection:307 - Parsing relationship: /_rels/.rels
2024-12-13 15:44:47 DEBUG POIXMLFactory:65 - using default POIXMLDocumentPart for http://schemas.openxmlformats.org/officeDocument/2006/relationships/printerSettings
2024-12-13 15:44:47 DEBUG PackageRelationshipCollection:307 - Parsing relationship: /xl/_rels/workbook.xml.rels
2024-12-13 15:44:47 DEBUG PackageRelationshipCollection:307 - Parsing relationship: /xl/worksheets/_rels/sheet1.xml.rels
2024-12-13 15:44:47 DEBUG PackageRelationshipCollection:307 - Parsing relationship: /_rels/.rels
2024-12-13 15:44:47 DEBUG POIXMLFactory:65 - using default POIXMLDocumentPart for http://schemas.openxmlformats.org/officeDocument/2006/relationships/printerSettings
2024-12-13 15:44:47 DEBUG PackageRelationshipCollection:307 - Parsing relationship: /xl/_rels/workbook.xml.rels
2024-12-13 15:44:47 DEBUG PackageRelationshipCollection:307 - Parsing relationship: /xl/worksheets/_rels/sheet1.xml.rels
2024-12-13 15:44:47 DEBUG PackageRelationshipCollection:307 - Parsing relationship: /_rels/.rels
2024-12-13 15:44:47 DEBUG POIXMLFactory:65 - using default POIXMLDocumentPart for http://schemas.openxmlformats.org/officeDocument/2006/relationships/printerSettings
2024-12-13 15:44:47 DEBUG PackageRelationshipCollection:307 - Parsing relationship: /xl/_rels/workbook.xml.rels
2024-12-13 15:44:47 DEBUG PackageRelationshipCollection:307 - Parsing relationship: /xl/worksheets/_rels/sheet1.xml.rels
2024-12-13 15:44:47 DEBUG PackageRelationshipCollection:307 - Parsing relationship: /_rels/.rels
2024-12-13 15:44:47 DEBUG POIXMLFactory:65 - using default POIXMLDocumentPart for http://schemas.openxmlformats.org/officeDocument/2006/relationships/printerSettings
2024-12-13 15:44:47 DEBUG PackageRelationshipCollection:307 - Parsing relationship: /xl/_rels/workbook.xml.rels
2024-12-13 15:44:47 DEBUG PackageRelationshipCollection:307 - Parsing relationship: /xl/worksheets/_rels/sheet1.xml.rels
2024-12-13 15:44:47 DEBUG PackageRelationshipCollection:307 - Parsing relationship: /_rels/.rels
2024-12-13 15:44:47 DEBUG POIXMLFactory:65 - using default POIXMLDocumentPart for http://schemas.openxmlformats.org/officeDocument/2006/relationships/printerSettings
2024-12-13 15:44:47 DEBUG PackageRelationshipCollection:307 - Parsing relationship: /xl/_rels/workbook.xml.rels
2024-12-13 15:44:47 DEBUG PackageRelationshipCollection:307 - Parsing relationship: /xl/worksheets/_rels/sheet1.xml.rels
2024-12-13 15:44:47 DEBUG PackageRelationshipCollection:307 - Parsing relationship: /_rels/.rels
2024-12-13 15:44:47 DEBUG POIXMLFactory:65 - using default POIXMLDocumentPart for http://schemas.openxmlformats.org/officeDocument/2006/relationships/printerSettings
2024-12-13 15:44:47 DEBUG PackageRelationshipCollection:307 - Parsing relationship: /xl/_rels/workbook.xml.rels
2024-12-13 15:44:47 DEBUG PackageRelationshipCollection:307 - Parsing relationship: /xl/worksheets/_rels/sheet1.xml.rels
2024-12-13 15:44:47 DEBUG PackageRelationshipCollection:307 - Parsing relationship: /_rels/.rels
2024-12-13 15:44:47 DEBUG POIXMLFactory:65 - using default POIXMLDocumentPart for http://schemas.openxmlformats.org/officeDocument/2006/relationships/printerSettings
2024-12-13 15:44:47 DEBUG PackageRelationshipCollection:307 - Parsing relationship: /xl/_rels/workbook.xml.rels
2024-12-13 15:44:47 DEBUG PackageRelationshipCollection:307 - Parsing relationship: /xl/worksheets/_rels/sheet1.xml.rels
2024-12-13 15:44:47 DEBUG PackageRelationshipCollection:307 - Parsing relationship: /_rels/.rels
2024-12-13 15:44:47 DEBUG POIXMLFactory:65 - using default POIXMLDocumentPart for http://schemas.openxmlformats.org/officeDocument/2006/relationships/printerSettings
2024-12-13 15:44:47 DEBUG PackageRelationshipCollection:307 - Parsing relationship: /xl/_rels/workbook.xml.rels
2024-12-13 15:44:47 DEBUG PackageRelationshipCollection:307 - Parsing relationship: /xl/worksheets/_rels/sheet1.xml.rels
2024-12-13 15:44:47 DEBUG PackageRelationshipCollection:307 - Parsing relationship: /_rels/.rels
2024-12-13 15:44:47 DEBUG POIXMLFactory:65 - using default POIXMLDocumentPart for http://schemas.openxmlformats.org/officeDocument/2006/relationships/printerSettings
2024-12-13 15:44:47 DEBUG PackageRelationshipCollection:307 - Parsing relationship: /xl/_rels/workbook.xml.rels
2024-12-13 15:44:47 DEBUG PackageRelationshipCollection:307 - Parsing relationship: /xl/worksheets/_rels/sheet1.xml.rels
2024-12-13 15:44:47 DEBUG PackageRelationshipCollection:307 - Parsing relationship: /_rels/.rels
2024-12-13 15:44:47 DEBUG POIXMLFactory:65 - using default POIXMLDocumentPart for http://schemas.openxmlformats.org/officeDocument/2006/relationships/printerSettings
2024-12-13 15:44:47 INFO  TC_003_LoginDDT:26 - **** Starting TC_003_LoginDDT *****
2024-12-13 15:45:57 INFO  TC_003_LoginDDT:26 - **** Starting TC_003_LoginDDT *****
2024-12-13 15:45:59 INFO  TC_003_LoginDDT:26 - **** Starting TC_003_LoginDDT *****
2024-12-13 15:46:01 INFO  TC_003_LoginDDT:26 - **** Starting TC_003_LoginDDT *****
2024-12-13 15:46:04 INFO  TC_003_LoginDDT:26 - **** Starting TC_003_LoginDDT *****
2024-12-13 15:46:48 DEBUG TestNG:82 - suiteXmlPath: "C:\Users\tvarghese\eclipse-workspace\CHTSV121-master\CHTSV121-master\master.xml"
2024-12-13 15:46:48 INFO  Utils:112 - [TestNG] Running:
  C:\Users\tvarghese\eclipse-workspace\CHTSV121-master\CHTSV121-master\master.xml

2024-12-13 15:46:57 DEBUG PackageRelationshipCollection:307 - Parsing relationship: /xl/_rels/workbook.xml.rels
2024-12-13 15:46:57 DEBUG PackageRelationshipCollection:307 - Parsing relationship: /xl/worksheets/_rels/sheet1.xml.rels
2024-12-13 15:46:57 DEBUG PackageRelationshipCollection:307 - Parsing relationship: /_rels/.rels
2024-12-13 15:46:58 DEBUG POIXMLFactory:65 - using default POIXMLDocumentPart for http://schemas.openxmlformats.org/officeDocument/2006/relationships/printerSettings
2024-12-13 15:46:58 DEBUG PackageRelationshipCollection:307 - Parsing relationship: /xl/_rels/workbook.xml.rels
2024-12-13 15:46:58 DEBUG PackageRelationshipCollection:307 - Parsing relationship: /xl/worksheets/_rels/sheet1.xml.rels
2024-12-13 15:46:58 DEBUG PackageRelationshipCollection:307 - Parsing relationship: /_rels/.rels
2024-12-13 15:46:58 DEBUG POIXMLFactory:65 - using default POIXMLDocumentPart for http://schemas.openxmlformats.org/officeDocument/2006/relationships/printerSettings
2024-12-13 15:46:58 DEBUG PackageRelationshipCollection:307 - Parsing relationship: /xl/_rels/workbook.xml.rels
2024-12-13 15:46:58 DEBUG PackageRelationshipCollection:307 - Parsing relationship: /xl/worksheets/_rels/sheet1.xml.rels
2024-12-13 15:46:58 DEBUG PackageRelationshipCollection:307 - Parsing relationship: /_rels/.rels
2024-12-13 15:46:58 DEBUG POIXMLFactory:65 - using default POIXMLDocumentPart for http://schemas.openxmlformats.org/officeDocument/2006/relationships/printerSettings
2024-12-13 15:46:58 DEBUG PackageRelationshipCollection:307 - Parsing relationship: /xl/_rels/workbook.xml.rels
2024-12-13 15:46:58 DEBUG PackageRelationshipCollection:307 - Parsing relationship: /xl/worksheets/_rels/sheet1.xml.rels
2024-12-13 15:46:58 DEBUG PackageRelationshipCollection:307 - Parsing relationship: /_rels/.rels
2024-12-13 15:46:58 DEBUG POIXMLFactory:65 - using default POIXMLDocumentPart for http://schemas.openxmlformats.org/officeDocument/2006/relationships/printerSettings
2024-12-13 15:46:58 DEBUG PackageRelationshipCollection:307 - Parsing relationship: /xl/_rels/workbook.xml.rels
2024-12-13 15:46:58 DEBUG PackageRelationshipCollection:307 - Parsing relationship: /xl/worksheets/_rels/sheet1.xml.rels
2024-12-13 15:46:58 DEBUG PackageRelationshipCollection:307 - Parsing relationship: /_rels/.rels
2024-12-13 15:46:58 DEBUG POIXMLFactory:65 - using default POIXMLDocumentPart for http://schemas.openxmlformats.org/officeDocument/2006/relationships/printerSettings
2024-12-13 15:46:58 DEBUG PackageRelationshipCollection:307 - Parsing relationship: /xl/_rels/workbook.xml.rels
2024-12-13 15:46:58 DEBUG PackageRelationshipCollection:307 - Parsing relationship: /xl/worksheets/_rels/sheet1.xml.rels
2024-12-13 15:46:58 DEBUG PackageRelationshipCollection:307 - Parsing relationship: /_rels/.rels
2024-12-13 15:46:58 DEBUG POIXMLFactory:65 - using default POIXMLDocumentPart for http://schemas.openxmlformats.org/officeDocument/2006/relationships/printerSettings
2024-12-13 15:46:58 DEBUG PackageRelationshipCollection:307 - Parsing relationship: /xl/_rels/workbook.xml.rels
2024-12-13 15:46:58 DEBUG PackageRelationshipCollection:307 - Parsing relationship: /xl/worksheets/_rels/sheet1.xml.rels
2024-12-13 15:46:58 DEBUG PackageRelationshipCollection:307 - Parsing relationship: /_rels/.rels
2024-12-13 15:46:58 DEBUG POIXMLFactory:65 - using default POIXMLDocumentPart for http://schemas.openxmlformats.org/officeDocument/2006/relationships/printerSettings
2024-12-13 15:46:58 DEBUG PackageRelationshipCollection:307 - Parsing relationship: /xl/_rels/workbook.xml.rels
2024-12-13 15:46:58 DEBUG PackageRelationshipCollection:307 - Parsing relationship: /xl/worksheets/_rels/sheet1.xml.rels
2024-12-13 15:46:58 DEBUG PackageRelationshipCollection:307 - Parsing relationship: /_rels/.rels
2024-12-13 15:46:58 DEBUG POIXMLFactory:65 - using default POIXMLDocumentPart for http://schemas.openxmlformats.org/officeDocument/2006/relationships/printerSettings
2024-12-13 15:46:58 DEBUG PackageRelationshipCollection:307 - Parsing relationship: /xl/_rels/workbook.xml.rels
2024-12-13 15:46:58 DEBUG PackageRelationshipCollection:307 - Parsing relationship: /xl/worksheets/_rels/sheet1.xml.rels
2024-12-13 15:46:58 DEBUG PackageRelationshipCollection:307 - Parsing relationship: /_rels/.rels
2024-12-13 15:46:58 DEBUG POIXMLFactory:65 - using default POIXMLDocumentPart for http://schemas.openxmlformats.org/officeDocument/2006/relationships/printerSettings
2024-12-13 15:46:58 DEBUG PackageRelationshipCollection:307 - Parsing relationship: /xl/_rels/workbook.xml.rels
2024-12-13 15:46:58 DEBUG PackageRelationshipCollection:307 - Parsing relationship: /xl/worksheets/_rels/sheet1.xml.rels
2024-12-13 15:46:58 DEBUG PackageRelationshipCollection:307 - Parsing relationship: /_rels/.rels
2024-12-13 15:46:58 DEBUG POIXMLFactory:65 - using default POIXMLDocumentPart for http://schemas.openxmlformats.org/officeDocument/2006/relationships/printerSettings
2024-12-13 15:46:58 DEBUG PackageRelationshipCollection:307 - Parsing relationship: /xl/_rels/workbook.xml.rels
2024-12-13 15:46:58 DEBUG PackageRelationshipCollection:307 - Parsing relationship: /xl/worksheets/_rels/sheet1.xml.rels
2024-12-13 15:46:58 DEBUG PackageRelationshipCollection:307 - Parsing relationship: /_rels/.rels
2024-12-13 15:46:58 DEBUG POIXMLFactory:65 - using default POIXMLDocumentPart for http://schemas.openxmlformats.org/officeDocument/2006/relationships/printerSettings
2024-12-13 15:46:58 DEBUG PackageRelationshipCollection:307 - Parsing relationship: /xl/_rels/workbook.xml.rels
2024-12-13 15:46:58 DEBUG PackageRelationshipCollection:307 - Parsing relationship: /xl/worksheets/_rels/sheet1.xml.rels
2024-12-13 15:46:58 DEBUG PackageRelationshipCollection:307 - Parsing relationship: /_rels/.rels
2024-12-13 15:46:58 DEBUG POIXMLFactory:65 - using default POIXMLDocumentPart for http://schemas.openxmlformats.org/officeDocument/2006/relationships/printerSettings
2024-12-13 15:46:58 DEBUG PackageRelationshipCollection:307 - Parsing relationship: /xl/_rels/workbook.xml.rels
2024-12-13 15:46:58 DEBUG PackageRelationshipCollection:307 - Parsing relationship: /xl/worksheets/_rels/sheet1.xml.rels
2024-12-13 15:46:58 DEBUG PackageRelationshipCollection:307 - Parsing relationship: /_rels/.rels
2024-12-13 15:46:58 DEBUG POIXMLFactory:65 - using default POIXMLDocumentPart for http://schemas.openxmlformats.org/officeDocument/2006/relationships/printerSettings
2024-12-13 15:46:58 DEBUG PackageRelationshipCollection:307 - Parsing relationship: /xl/_rels/workbook.xml.rels
2024-12-13 15:46:58 DEBUG PackageRelationshipCollection:307 - Parsing relationship: /xl/worksheets/_rels/sheet1.xml.rels
2024-12-13 15:46:58 DEBUG PackageRelationshipCollection:307 - Parsing relationship: /_rels/.rels
2024-12-13 15:46:58 DEBUG POIXMLFactory:65 - using default POIXMLDocumentPart for http://schemas.openxmlformats.org/officeDocument/2006/relationships/printerSettings
2024-12-13 15:46:58 DEBUG PackageRelationshipCollection:307 - Parsing relationship: /xl/_rels/workbook.xml.rels
2024-12-13 15:46:58 DEBUG PackageRelationshipCollection:307 - Parsing relationship: /xl/worksheets/_rels/sheet1.xml.rels
2024-12-13 15:46:58 DEBUG PackageRelationshipCollection:307 - Parsing relationship: /_rels/.rels
2024-12-13 15:46:58 DEBUG POIXMLFactory:65 - using default POIXMLDocumentPart for http://schemas.openxmlformats.org/officeDocument/2006/relationships/printerSettings
2024-12-13 15:46:58 DEBUG PackageRelationshipCollection:307 - Parsing relationship: /xl/_rels/workbook.xml.rels
2024-12-13 15:46:58 DEBUG PackageRelationshipCollection:307 - Parsing relationship: /xl/worksheets/_rels/sheet1.xml.rels
2024-12-13 15:46:58 DEBUG PackageRelationshipCollection:307 - Parsing relationship: /_rels/.rels
2024-12-13 15:46:58 DEBUG POIXMLFactory:65 - using default POIXMLDocumentPart for http://schemas.openxmlformats.org/officeDocument/2006/relationships/printerSettings
2024-12-13 15:46:58 DEBUG PackageRelationshipCollection:307 - Parsing relationship: /xl/_rels/workbook.xml.rels
2024-12-13 15:46:58 DEBUG PackageRelationshipCollection:307 - Parsing relationship: /xl/worksheets/_rels/sheet1.xml.rels
2024-12-13 15:46:58 DEBUG PackageRelationshipCollection:307 - Parsing relationship: /_rels/.rels
2024-12-13 15:46:58 DEBUG POIXMLFactory:65 - using default POIXMLDocumentPart for http://schemas.openxmlformats.org/officeDocument/2006/relationships/printerSettings
2024-12-13 15:46:59 INFO  TC_003_LoginDDT:26 - **** Starting TC_003_LoginDDT *****
2024-12-13 15:48:09 INFO  TC_003_LoginDDT:26 - **** Starting TC_003_LoginDDT *****
2024-12-13 15:48:11 INFO  TC_003_LoginDDT:26 - **** Starting TC_003_LoginDDT *****
2024-12-13 15:48:13 INFO  TC_003_LoginDDT:26 - **** Starting TC_003_LoginDDT *****
2024-12-13 15:48:15 INFO  TC_003_LoginDDT:26 - **** Starting TC_003_LoginDDT *****
2024-12-13 15:49:39 DEBUG TestNG:82 - suiteXmlPath: "C:\Users\tvarghese\eclipse-workspace\CHTSV121-master\CHTSV121-master\master.xml"
2024-12-13 15:49:39 INFO  Utils:112 - [TestNG] Running:
  C:\Users\tvarghese\eclipse-workspace\CHTSV121-master\CHTSV121-master\master.xml

2024-12-13 15:49:49 DEBUG PackageRelationshipCollection:307 - Parsing relationship: /xl/_rels/workbook.xml.rels
2024-12-13 15:49:49 DEBUG PackageRelationshipCollection:307 - Parsing relationship: /xl/worksheets/_rels/sheet1.xml.rels
2024-12-13 15:49:49 DEBUG PackageRelationshipCollection:307 - Parsing relationship: /_rels/.rels
2024-12-13 15:49:49 DEBUG POIXMLFactory:65 - using default POIXMLDocumentPart for http://schemas.openxmlformats.org/officeDocument/2006/relationships/printerSettings
2024-12-13 15:49:50 DEBUG PackageRelationshipCollection:307 - Parsing relationship: /xl/_rels/workbook.xml.rels
2024-12-13 15:49:50 DEBUG PackageRelationshipCollection:307 - Parsing relationship: /xl/worksheets/_rels/sheet1.xml.rels
2024-12-13 15:49:50 DEBUG PackageRelationshipCollection:307 - Parsing relationship: /_rels/.rels
2024-12-13 15:49:50 DEBUG POIXMLFactory:65 - using default POIXMLDocumentPart for http://schemas.openxmlformats.org/officeDocument/2006/relationships/printerSettings
2024-12-13 15:49:50 DEBUG PackageRelationshipCollection:307 - Parsing relationship: /xl/_rels/workbook.xml.rels
2024-12-13 15:49:50 DEBUG PackageRelationshipCollection:307 - Parsing relationship: /xl/worksheets/_rels/sheet1.xml.rels
2024-12-13 15:49:50 DEBUG PackageRelationshipCollection:307 - Parsing relationship: /_rels/.rels
2024-12-13 15:49:50 DEBUG POIXMLFactory:65 - using default POIXMLDocumentPart for http://schemas.openxmlformats.org/officeDocument/2006/relationships/printerSettings
2024-12-13 15:49:50 DEBUG PackageRelationshipCollection:307 - Parsing relationship: /xl/_rels/workbook.xml.rels
2024-12-13 15:49:50 DEBUG PackageRelationshipCollection:307 - Parsing relationship: /xl/worksheets/_rels/sheet1.xml.rels
2024-12-13 15:49:50 DEBUG PackageRelationshipCollection:307 - Parsing relationship: /_rels/.rels
2024-12-13 15:49:50 DEBUG POIXMLFactory:65 - using default POIXMLDocumentPart for http://schemas.openxmlformats.org/officeDocument/2006/relationships/printerSettings
2024-12-13 15:49:50 DEBUG PackageRelationshipCollection:307 - Parsing relationship: /xl/_rels/workbook.xml.rels
2024-12-13 15:49:50 DEBUG PackageRelationshipCollection:307 - Parsing relationship: /xl/worksheets/_rels/sheet1.xml.rels
2024-12-13 15:49:50 DEBUG PackageRelationshipCollection:307 - Parsing relationship: /_rels/.rels
2024-12-13 15:49:50 DEBUG POIXMLFactory:65 - using default POIXMLDocumentPart for http://schemas.openxmlformats.org/officeDocument/2006/relationships/printerSettings
2024-12-13 15:49:50 DEBUG PackageRelationshipCollection:307 - Parsing relationship: /xl/_rels/workbook.xml.rels
2024-12-13 15:49:50 DEBUG PackageRelationshipCollection:307 - Parsing relationship: /xl/worksheets/_rels/sheet1.xml.rels
2024-12-13 15:49:50 DEBUG PackageRelationshipCollection:307 - Parsing relationship: /_rels/.rels
2024-12-13 15:49:50 DEBUG POIXMLFactory:65 - using default POIXMLDocumentPart for http://schemas.openxmlformats.org/officeDocument/2006/relationships/printerSettings
2024-12-13 15:49:50 DEBUG PackageRelationshipCollection:307 - Parsing relationship: /xl/_rels/workbook.xml.rels
2024-12-13 15:49:50 DEBUG PackageRelationshipCollection:307 - Parsing relationship: /xl/worksheets/_rels/sheet1.xml.rels
2024-12-13 15:49:50 DEBUG PackageRelationshipCollection:307 - Parsing relationship: /_rels/.rels
2024-12-13 15:49:50 DEBUG POIXMLFactory:65 - using default POIXMLDocumentPart for http://schemas.openxmlformats.org/officeDocument/2006/relationships/printerSettings
2024-12-13 15:49:50 DEBUG PackageRelationshipCollection:307 - Parsing relationship: /xl/_rels/workbook.xml.rels
2024-12-13 15:49:50 DEBUG PackageRelationshipCollection:307 - Parsing relationship: /xl/worksheets/_rels/sheet1.xml.rels
2024-12-13 15:49:50 DEBUG PackageRelationshipCollection:307 - Parsing relationship: /_rels/.rels
2024-12-13 15:49:50 DEBUG POIXMLFactory:65 - using default POIXMLDocumentPart for http://schemas.openxmlformats.org/officeDocument/2006/relationships/printerSettings
2024-12-13 15:49:50 DEBUG PackageRelationshipCollection:307 - Parsing relationship: /xl/_rels/workbook.xml.rels
2024-12-13 15:49:50 DEBUG PackageRelationshipCollection:307 - Parsing relationship: /xl/worksheets/_rels/sheet1.xml.rels
2024-12-13 15:49:50 DEBUG PackageRelationshipCollection:307 - Parsing relationship: /_rels/.rels
2024-12-13 15:49:50 DEBUG POIXMLFactory:65 - using default POIXMLDocumentPart for http://schemas.openxmlformats.org/officeDocument/2006/relationships/printerSettings
2024-12-13 15:49:50 DEBUG PackageRelationshipCollection:307 - Parsing relationship: /xl/_rels/workbook.xml.rels
2024-12-13 15:49:50 DEBUG PackageRelationshipCollection:307 - Parsing relationship: /xl/worksheets/_rels/sheet1.xml.rels
2024-12-13 15:49:50 DEBUG PackageRelationshipCollection:307 - Parsing relationship: /_rels/.rels
2024-12-13 15:49:50 DEBUG POIXMLFactory:65 - using default POIXMLDocumentPart for http://schemas.openxmlformats.org/officeDocument/2006/relationships/printerSettings
2024-12-13 15:49:50 DEBUG PackageRelationshipCollection:307 - Parsing relationship: /xl/_rels/workbook.xml.rels
2024-12-13 15:49:50 DEBUG PackageRelationshipCollection:307 - Parsing relationship: /xl/worksheets/_rels/sheet1.xml.rels
2024-12-13 15:49:50 DEBUG PackageRelationshipCollection:307 - Parsing relationship: /_rels/.rels
2024-12-13 15:49:50 DEBUG POIXMLFactory:65 - using default POIXMLDocumentPart for http://schemas.openxmlformats.org/officeDocument/2006/relationships/printerSettings
2024-12-13 15:49:50 DEBUG PackageRelationshipCollection:307 - Parsing relationship: /xl/_rels/workbook.xml.rels
2024-12-13 15:49:50 DEBUG PackageRelationshipCollection:307 - Parsing relationship: /xl/worksheets/_rels/sheet1.xml.rels
2024-12-13 15:49:50 DEBUG PackageRelationshipCollection:307 - Parsing relationship: /_rels/.rels
2024-12-13 15:49:50 DEBUG POIXMLFactory:65 - using default POIXMLDocumentPart for http://schemas.openxmlformats.org/officeDocument/2006/relationships/printerSettings
2024-12-13 15:49:50 DEBUG PackageRelationshipCollection:307 - Parsing relationship: /xl/_rels/workbook.xml.rels
2024-12-13 15:49:50 DEBUG PackageRelationshipCollection:307 - Parsing relationship: /xl/worksheets/_rels/sheet1.xml.rels
2024-12-13 15:49:50 DEBUG PackageRelationshipCollection:307 - Parsing relationship: /_rels/.rels
2024-12-13 15:49:50 DEBUG POIXMLFactory:65 - using default POIXMLDocumentPart for http://schemas.openxmlformats.org/officeDocument/2006/relationships/printerSettings
2024-12-13 15:49:50 DEBUG PackageRelationshipCollection:307 - Parsing relationship: /xl/_rels/workbook.xml.rels
2024-12-13 15:49:50 DEBUG PackageRelationshipCollection:307 - Parsing relationship: /xl/worksheets/_rels/sheet1.xml.rels
2024-12-13 15:49:50 DEBUG PackageRelationshipCollection:307 - Parsing relationship: /_rels/.rels
2024-12-13 15:49:50 DEBUG POIXMLFactory:65 - using default POIXMLDocumentPart for http://schemas.openxmlformats.org/officeDocument/2006/relationships/printerSettings
2024-12-13 15:49:50 DEBUG PackageRelationshipCollection:307 - Parsing relationship: /xl/_rels/workbook.xml.rels
2024-12-13 15:49:50 DEBUG PackageRelationshipCollection:307 - Parsing relationship: /xl/worksheets/_rels/sheet1.xml.rels
2024-12-13 15:49:50 DEBUG PackageRelationshipCollection:307 - Parsing relationship: /_rels/.rels
2024-12-13 15:49:50 DEBUG POIXMLFactory:65 - using default POIXMLDocumentPart for http://schemas.openxmlformats.org/officeDocument/2006/relationships/printerSettings
2024-12-13 15:49:50 DEBUG PackageRelationshipCollection:307 - Parsing relationship: /xl/_rels/workbook.xml.rels
2024-12-13 15:49:50 DEBUG PackageRelationshipCollection:307 - Parsing relationship: /xl/worksheets/_rels/sheet1.xml.rels
2024-12-13 15:49:50 DEBUG PackageRelationshipCollection:307 - Parsing relationship: /_rels/.rels
2024-12-13 15:49:50 DEBUG POIXMLFactory:65 - using default POIXMLDocumentPart for http://schemas.openxmlformats.org/officeDocument/2006/relationships/printerSettings
2024-12-13 15:49:50 DEBUG PackageRelationshipCollection:307 - Parsing relationship: /xl/_rels/workbook.xml.rels
2024-12-13 15:49:50 DEBUG PackageRelationshipCollection:307 - Parsing relationship: /xl/worksheets/_rels/sheet1.xml.rels
2024-12-13 15:49:50 DEBUG PackageRelationshipCollection:307 - Parsing relationship: /_rels/.rels
2024-12-13 15:49:50 DEBUG POIXMLFactory:65 - using default POIXMLDocumentPart for http://schemas.openxmlformats.org/officeDocument/2006/relationships/printerSettings
2024-12-13 15:49:50 INFO  TC_003_LoginDDT:26 - **** Starting TC_003_LoginDDT *****
2024-12-13 15:51:00 INFO  TC_003_LoginDDT:86 - **** Finished TC_003_LoginDDT *****
2024-12-13 15:51:00 INFO  TC_003_LoginDDT:26 - **** Starting TC_003_LoginDDT *****
2024-12-13 15:51:02 INFO  TC_003_LoginDDT:26 - **** Starting TC_003_LoginDDT *****
2024-12-13 15:51:04 INFO  TC_003_LoginDDT:26 - **** Starting TC_003_LoginDDT *****
2024-12-13 15:51:06 INFO  TC_003_LoginDDT:26 - **** Starting TC_003_LoginDDT *****
2024-12-13 16:00:45 DEBUG TestNG:82 - suiteXmlPath: "C:\Users\tvarghese\eclipse-workspace\CHTSV121-master\CHTSV121-master\master.xml"
2024-12-13 16:00:45 INFO  Utils:112 - [TestNG] Running:
  C:\Users\tvarghese\eclipse-workspace\CHTSV121-master\CHTSV121-master\master.xml

2024-12-13 16:00:55 INFO  TC_002_LoginTest:17 - ############starting Login ##########
2024-12-13 16:16:28 DEBUG TestNG:82 - suiteXmlPath: "C:\Users\tvarghese\eclipse-workspace\CHTSV121-master\CHTSV121-master\master.xml"
2024-12-13 16:16:38 INFO  TC_002_LoginTest:17 - ############starting Login ##########
2024-12-13 16:34:41 DEBUG TestNG:82 - suiteXmlPath: "C:\Users\tvarghese\eclipse-workspace\CHTSV121-master\CHTSV121-master\testng.xml"
2024-12-13 16:34:41 INFO  Utils:112 - [TestNG] Running:
  C:\Users\tvarghese\eclipse-workspace\CHTSV121-master\CHTSV121-master\testng.xml

2024-12-13 16:34:54 INFO  TC_002_LoginTest:17 - ############starting Login ##########
2024-12-13 16:35:14 INFO  TC_002_LoginTest:17 - ############starting Login ##########
